# JRE version: 7.0_09-b05
# Java VM: Java HotSpot(TM) 64-Bit Server VM (23.5-b02 mixed mode linux-amd64 compressed oops)
Heap
 PSYoungGen      total 13824K, used 10292K [0x00000000ec200000, 0x00000000ed820000, 0x0000000100000000)
  eden space 13696K, 74% used [0x00000000ec200000,0x00000000ecbf5048,0x00000000ecf60000)
  from space 128K, 75% used [0x00000000ecfb0000,0x00000000ecfc8000,0x00000000ecfd0000)
  to   space 4480K, 0% used [0x00000000ed3c0000,0x00000000ed3c0000,0x00000000ed820000)
 ParOldGen       total 40704K, used 4121K [0x00000000c4600000, 0x00000000c6dc0000, 0x00000000ec200000)
  object space 40704K, 10% used [0x00000000c4600000,0x00000000c4a06788,0x00000000c6dc0000)
 PSPermGen       total 21248K, used 16403K [0x00000000bf400000, 0x00000000c08c0000, 0x00000000c4600000)
  object space 21248K, 77% used [0x00000000bf400000,0x00000000c0404f78,0x00000000c08c0000)
GC Heap History (10 events):
Event: 35,613 GC heap before
{Heap before GC invocations=5 (full 0):
 PSYoungGen      total 17792K, used 17762K [0x00000000ec200000, 0x00000000ed5d0000, 0x0000000100000000)
  eden space 15296K, 100% used [0x00000000ec200000,0x00000000ed0f0000,0x00000000ed0f0000)
  from space 2496K, 98% used [0x00000000ed360000,0x00000000ed5c8840,0x00000000ed5d0000)
  to   space 2496K, 0% used [0x00000000ed0f0000,0x00000000ed0f0000,0x00000000ed360000)
 ParOldGen       total 40704K, used 1475K [0x00000000c4600000, 0x00000000c6dc0000, 0x00000000ec200000)
  object space 40704K, 3% used [0x00000000c4600000,0x00000000c4770dc8,0x00000000c6dc0000)
 PSPermGen       total 21248K, used 16351K [0x00000000bf400000, 0x00000000c08c0000, 0x00000000c4600000)
  object space 21248K, 76% used [0x00000000bf400000,0x00000000c03f7ee0,0x00000000c08c0000)
Event: 35,621 GC heap after
Heap after GC invocations=5 (full 0):
 PSYoungGen      total 17472K, used 2482K [0x00000000ec200000, 0x00000000ed7e0000, 0x0000000100000000)
  eden space 14976K, 0% used [0x00000000ec200000,0x00000000ec200000,0x00000000ed0a0000)
  from space 2496K, 99% used [0x00000000ed0f0000,0x00000000ed35c850,0x00000000ed360000)
  to   space 3712K, 0% used [0x00000000ed440000,0x00000000ed440000,0x00000000ed7e0000)
 ParOldGen       total 40704K, used 1577K [0x00000000c4600000, 0x00000000c6dc0000, 0x00000000ec200000)
  object space 40704K, 3% used [0x00000000c4600000,0x00000000c478a5d8,0x00000000c6dc0000)
 PSPermGen       total 21248K, used 16351K [0x00000000bf400000, 0x00000000c08c0000, 0x00000000c4600000)
  object space 21248K, 76% used [0x00000000bf400000,0x00000000c03f7ee0,0x00000000c08c0000)
}
Event: 44,351 GC heap before
{Heap before GC invocations=6 (full 0):
 PSYoungGen      total 17472K, used 17458K [0x00000000ec200000, 0x00000000ed7e0000, 0x0000000100000000)
  eden space 14976K, 100% used [0x00000000ec200000,0x00000000ed0a0000,0x00000000ed0a0000)
  from space 2496K, 99% used [0x00000000ed0f0000,0x00000000ed35c850,0x00000000ed360000)
  to   space 3712K, 0% used [0x00000000ed440000,0x00000000ed440000,0x00000000ed7e0000)
 ParOldGen       total 40704K, used 1577K [0x00000000c4600000, 0x00000000c6dc0000, 0x00000000ec200000)
  object space 40704K, 3% used [0x00000000c4600000,0x00000000c478a5d8,0x00000000c6dc0000)
 PSPermGen       total 21248K, used 16357K [0x00000000bf400000, 0x00000000c08c0000, 0x00000000c4600000)
  object space 21248K, 76% used [0x00000000bf400000,0x00000000c03f9730,0x00000000c08c0000)
Event: 44,358 GC heap after
Heap after GC invocations=6 (full 0):
 PSYoungGen      total 17920K, used 2592K [0x00000000ec200000, 0x00000000ed770000, 0x0000000100000000)
  eden space 14656K, 0% used [0x00000000ec200000,0x00000000ec200000,0x00000000ed050000)
  from space 3264K, 79% used [0x00000000ed440000,0x00000000ed6c8010,0x00000000ed770000)
  to   space 3648K, 0% used [0x00000000ed050000,0x00000000ed050000,0x00000000ed3e0000)
 ParOldGen       total 40704K, used 1585K [0x00000000c4600000, 0x00000000c6dc0000, 0x00000000ec200000)
  object space 40704K, 3% used [0x00000000c4600000,0x00000000c478c5d8,0x00000000c6dc0000)
 PSPermGen       total 21248K, used 16357K [0x00000000bf400000, 0x00000000c08c0000, 0x00000000c4600000)
  object space 21248K, 76% used [0x00000000bf400000,0x00000000c03f9730,0x00000000c08c0000)
}
Event: 53,286 GC heap before
{Heap before GC invocations=7 (full 0):
 PSYoungGen      total 17920K, used 17248K [0x00000000ec200000, 0x00000000ed770000, 0x0000000100000000)
  eden space 14656K, 100% used [0x00000000ec200000,0x00000000ed050000,0x00000000ed050000)
  from space 3264K, 79% used [0x00000000ed440000,0x00000000ed6c8010,0x00000000ed770000)
  to   space 3648K, 0% used [0x00000000ed050000,0x00000000ed050000,0x00000000ed3e0000)
 ParOldGen       total 40704K, used 1585K [0x00000000c4600000, 0x00000000c6dc0000, 0x00000000ec200000)
  object space 40704K, 3% used [0x00000000c4600000,0x00000000c478c5d8,0x00000000c6dc0000)
 PSPermGen       total 21248K, used 16358K [0x00000000bf400000, 0x00000000c08c0000, 0x00000000c4600000)
  object space 21248K, 76% used [0x00000000bf400000,0x00000000c03f9918,0x00000000c08c0000)
Event: 53,293 GC heap after
Heap after GC invocations=7 (full 0):
 PSYoungGen      total 17984K, used 192K [0x00000000ec200000, 0x00000000ed800000, 0x0000000100000000)
  eden space 14336K, 0% used [0x00000000ec200000,0x00000000ec200000,0x00000000ed000000)
  from space 3648K, 5% used [0x00000000ed050000,0x00000000ed080000,0x00000000ed3e0000)
  to   space 4096K, 0% used [0x00000000ed400000,0x00000000ed400000,0x00000000ed800000)
 ParOldGen       total 40704K, used 3993K [0x00000000c4600000, 0x00000000c6dc0000, 0x00000000ec200000)
  object space 40704K, 9% used [0x00000000c4600000,0x00000000c49e6788,0x00000000c6dc0000)
 PSPermGen       total 21248K, used 16358K [0x00000000bf400000, 0x00000000c08c0000, 0x00000000c4600000)
  object space 21248K, 76% used [0x00000000bf400000,0x00000000c03f9918,0x00000000c08c0000)
}
Event: 61,647 GC heap before
{Heap before GC invocations=8 (full 0):
 PSYoungGen      total 17984K, used 14528K [0x00000000ec200000, 0x00000000ed800000, 0x0000000100000000)
  eden space 14336K, 100% used [0x00000000ec200000,0x00000000ed000000,0x00000000ed000000)
  from space 3648K, 5% used [0x00000000ed050000,0x00000000ed080000,0x00000000ed3e0000)
  to   space 4096K, 0% used [0x00000000ed400000,0x00000000ed400000,0x00000000ed800000)
 ParOldGen       total 40704K, used 3993K [0x00000000c4600000, 0x00000000c6dc0000, 0x00000000ec200000)
  object space 40704K, 9% used [0x00000000c4600000,0x00000000c49e6788,0x00000000c6dc0000)
 PSPermGen       total 21248K, used 16359K [0x00000000bf400000, 0x00000000c08c0000, 0x00000000c4600000)
  object space 21248K, 76% used [0x00000000bf400000,0x00000000c03f9d28,0x00000000c08c0000)
Event: 61,648 GC heap after
Heap after GC invocations=8 (full 0):
 PSYoungGen      total 18112K, used 160K [0x00000000ec200000, 0x00000000ed810000, 0x0000000100000000)
  eden space 14016K, 0% used [0x00000000ec200000,0x00000000ec200000,0x00000000ecfb0000)
  from space 4096K, 3% used [0x00000000ed400000,0x00000000ed428000,0x00000000ed800000)
  to   space 4288K, 0% used [0x00000000ecfb0000,0x00000000ecfb0000,0x00000000ed3e0000)
 ParOldGen       total 40704K, used 4041K [0x00000000c4600000, 0x00000000c6dc0000, 0x00000000ec200000)
  object space 40704K, 9% used [0x00000000c4600000,0x00000000c49f2788,0x00000000c6dc0000)
 PSPermGen       total 21248K, used 16359K [0x00000000bf400000, 0x00000000c08c0000, 0x00000000c4600000)
  object space 21248K, 76% used [0x00000000bf400000,0x00000000c03f9d28,0x00000000c08c0000)
}
Event: 69,775 GC heap before
{Heap before GC invocations=9 (full 0):
 PSYoungGen      total 18112K, used 14176K [0x00000000ec200000, 0x00000000ed810000, 0x0000000100000000)
  eden space 14016K, 100% used [0x00000000ec200000,0x00000000ecfb0000,0x00000000ecfb0000)
  from space 4096K, 3% used [0x00000000ed400000,0x00000000ed428000,0x00000000ed800000)
  to   space 4288K, 0% used [0x00000000ecfb0000,0x00000000ecfb0000,0x00000000ed3e0000)
 ParOldGen       total 40704K, used 4041K [0x00000000c4600000, 0x00000000c6dc0000, 0x00000000ec200000)
  object space 40704K, 9% used [0x00000000c4600000,0x00000000c49f2788,0x00000000c6dc0000)
 PSPermGen       total 21248K, used 16360K [0x00000000bf400000, 0x00000000c08c0000, 0x00000000c4600000)
  object space 21248K, 76% used [0x00000000bf400000,0x00000000c03fa028,0x00000000c08c0000)
Event: 69,777 GC heap after
Heap after GC invocations=9 (full 0):
 PSYoungGen      total 13824K, used 96K [0x00000000ec200000, 0x00000000ed820000, 0x0000000100000000)
  eden space 13696K, 0% used [0x00000000ec200000,0x00000000ec200000,0x00000000ecf60000)
  from space 128K, 75% used [0x00000000ecfb0000,0x00000000ecfc8000,0x00000000ecfd0000)
  to   space 4480K, 0% used [0x00000000ed3c0000,0x00000000ed3c0000,0x00000000ed820000)
 ParOldGen       total 40704K, used 4121K [0x00000000c4600000, 0x00000000c6dc0000, 0x00000000ec200000)
  object space 40704K, 10% used [0x00000000c4600000,0x00000000c4a06788,0x00000000c6dc0000)
 PSPermGen       total 21248K, used 16360K [0x00000000bf400000, 0x00000000c08c0000, 0x00000000c4600000)
  object space 21248K, 76% used [0x00000000bf400000,0x00000000c03fa028,0x00000000c08c0000)
}

