# JRE version: 7.0_09-b05
# Java VM: Java HotSpot(TM) 64-Bit Server VM (23.5-b02 mixed mode linux-amd64 compressed oops)
Heap
 PSYoungGen      total 18112K, used 6477K [0x00000000ec200000, 0x00000000ed810000, 0x0000000100000000)
  eden space 14016K, 45% used [0x00000000ec200000,0x00000000ec83b728,0x00000000ecfb0000)
  from space 4096K, 2% used [0x00000000ed400000,0x00000000ed418000,0x00000000ed800000)
  to   space 4288K, 0% used [0x00000000ecfb0000,0x00000000ecfb0000,0x00000000ed3e0000)
 ParOldGen       total 40704K, used 3945K [0x00000000c4600000, 0x00000000c6dc0000, 0x00000000ec200000)
  object space 40704K, 9% used [0x00000000c4600000,0x00000000c49da790,0x00000000c6dc0000)
 PSPermGen       total 21248K, used 16289K [0x00000000bf400000, 0x00000000c08c0000, 0x00000000c4600000)
  object space 21248K, 76% used [0x00000000bf400000,0x00000000c03e8650,0x00000000c08c0000)
GC Heap History (10 events):
Event: 26,655 GC heap before
{Heap before GC invocations=4 (full 0):
 PSYoungGen      total 17792K, used 17778K [0x00000000ec200000, 0x00000000ed5d0000, 0x0000000100000000)
  eden space 15296K, 100% used [0x00000000ec200000,0x00000000ed0f0000,0x00000000ed0f0000)
  from space 2496K, 99% used [0x00000000ed0f0000,0x00000000ed35c850,0x00000000ed360000)
  to   space 2496K, 0% used [0x00000000ed360000,0x00000000ed360000,0x00000000ed5d0000)
 ParOldGen       total 40704K, used 1464K [0x00000000c4600000, 0x00000000c6dc0000, 0x00000000ec200000)
  object space 40704K, 3% used [0x00000000c4600000,0x00000000c476e0f0,0x00000000c6dc0000)
 PSPermGen       total 21248K, used 16169K [0x00000000bf400000, 0x00000000c08c0000, 0x00000000c4600000)
  object space 21248K, 76% used [0x00000000bf400000,0x00000000c03ca408,0x00000000c08c0000)
Event: 26,664 GC heap after
Heap after GC invocations=4 (full 0):
 PSYoungGen      total 17792K, used 2482K [0x00000000ec200000, 0x00000000ed5d0000, 0x0000000100000000)
  eden space 15296K, 0% used [0x00000000ec200000,0x00000000ec200000,0x00000000ed0f0000)
  from space 2496K, 99% used [0x00000000ed360000,0x00000000ed5cc850,0x00000000ed5d0000)
  to   space 2496K, 0% used [0x00000000ed0f0000,0x00000000ed0f0000,0x00000000ed360000)
 ParOldGen       total 40704K, used 1480K [0x00000000c4600000, 0x00000000c6dc0000, 0x00000000ec200000)
  object space 40704K, 3% used [0x00000000c4600000,0x00000000c47720f0,0x00000000c6dc0000)
 PSPermGen       total 21248K, used 16169K [0x00000000bf400000, 0x00000000c08c0000, 0x00000000c4600000)
  object space 21248K, 76% used [0x00000000bf400000,0x00000000c03ca408,0x00000000c08c0000)
}
Event: 35,556 GC heap before
{Heap before GC invocations=5 (full 0):
 PSYoungGen      total 17792K, used 17778K [0x00000000ec200000, 0x00000000ed5d0000, 0x0000000100000000)
  eden space 15296K, 100% used [0x00000000ec200000,0x00000000ed0f0000,0x00000000ed0f0000)
  from space 2496K, 99% used [0x00000000ed360000,0x00000000ed5cc850,0x00000000ed5d0000)
  to   space 2496K, 0% used [0x00000000ed0f0000,0x00000000ed0f0000,0x00000000ed360000)
 ParOldGen       total 40704K, used 1480K [0x00000000c4600000, 0x00000000c6dc0000, 0x00000000ec200000)
  object space 40704K, 3% used [0x00000000c4600000,0x00000000c47720f0,0x00000000c6dc0000)
 PSPermGen       total 21248K, used 16232K [0x00000000bf400000, 0x00000000c08c0000, 0x00000000c4600000)
  object space 21248K, 76% used [0x00000000bf400000,0x00000000c03da068,0x00000000c08c0000)
Event: 35,567 GC heap after
Heap after GC invocations=5 (full 0):
 PSYoungGen      total 17472K, used 2484K [0x00000000ec200000, 0x00000000ed7e0000, 0x0000000100000000)
  eden space 14976K, 0% used [0x00000000ec200000,0x00000000ec200000,0x00000000ed0a0000)
  from space 2496K, 99% used [0x00000000ed0f0000,0x00000000ed35d060,0x00000000ed360000)
  to   space 3712K, 0% used [0x00000000ed440000,0x00000000ed440000,0x00000000ed7e0000)
 ParOldGen       total 40704K, used 1488K [0x00000000c4600000, 0x00000000c6dc0000, 0x00000000ec200000)
  object space 40704K, 3% used [0x00000000c4600000,0x00000000c47740f0,0x00000000c6dc0000)
 PSPermGen       total 21248K, used 16232K [0x00000000bf400000, 0x00000000c08c0000, 0x00000000c4600000)
  object space 21248K, 76% used [0x00000000bf400000,0x00000000c03da068,0x00000000c08c0000)
}
Event: 44,254 GC heap before
{Heap before GC invocations=6 (full 0):
 PSYoungGen      total 17472K, used 17460K [0x00000000ec200000, 0x00000000ed7e0000, 0x0000000100000000)
  eden space 14976K, 100% used [0x00000000ec200000,0x00000000ed0a0000,0x00000000ed0a0000)
  from space 2496K, 99% used [0x00000000ed0f0000,0x00000000ed35d060,0x00000000ed360000)
  to   space 3712K, 0% used [0x00000000ed440000,0x00000000ed440000,0x00000000ed7e0000)
 ParOldGen       total 40704K, used 1488K [0x00000000c4600000, 0x00000000c6dc0000, 0x00000000ec200000)
  object space 40704K, 3% used [0x00000000c4600000,0x00000000c47740f0,0x00000000c6dc0000)
 PSPermGen       total 21248K, used 16239K [0x00000000bf400000, 0x00000000c08c0000, 0x00000000c4600000)
  object space 21248K, 76% used [0x00000000bf400000,0x00000000c03dbf78,0x00000000c08c0000)
Event: 44,262 GC heap after
Heap after GC invocations=6 (full 0):
 PSYoungGen      total 17920K, used 2528K [0x00000000ec200000, 0x00000000ed770000, 0x0000000100000000)
  eden space 14656K, 0% used [0x00000000ec200000,0x00000000ec200000,0x00000000ed050000)
  from space 3264K, 77% used [0x00000000ed440000,0x00000000ed6b8030,0x00000000ed770000)
  to   space 3648K, 0% used [0x00000000ed050000,0x00000000ed050000,0x00000000ed3e0000)
 ParOldGen       total 40704K, used 1496K [0x00000000c4600000, 0x00000000c6dc0000, 0x00000000ec200000)
  object space 40704K, 3% used [0x00000000c4600000,0x00000000c47760f0,0x00000000c6dc0000)
 PSPermGen       total 21248K, used 16239K [0x00000000bf400000, 0x00000000c08c0000, 0x00000000c4600000)
  object space 21248K, 76% used [0x00000000bf400000,0x00000000c03dbf78,0x00000000c08c0000)
}
Event: 52,836 GC heap before
{Heap before GC invocations=7 (full 0):
 PSYoungGen      total 17920K, used 17184K [0x00000000ec200000, 0x00000000ed770000, 0x0000000100000000)
  eden space 14656K, 100% used [0x00000000ec200000,0x00000000ed050000,0x00000000ed050000)
  from space 3264K, 77% used [0x00000000ed440000,0x00000000ed6b8030,0x00000000ed770000)
  to   space 3648K, 0% used [0x00000000ed050000,0x00000000ed050000,0x00000000ed3e0000)
 ParOldGen       total 40704K, used 1496K [0x00000000c4600000, 0x00000000c6dc0000, 0x00000000ec200000)
  object space 40704K, 3% used [0x00000000c4600000,0x00000000c47760f0,0x00000000c6dc0000)
 PSPermGen       total 21248K, used 16244K [0x00000000bf400000, 0x00000000c08c0000, 0x00000000c4600000)
  object space 21248K, 76% used [0x00000000bf400000,0x00000000c03dd380,0x00000000c08c0000)
Event: 52,843 GC heap after
Heap after GC invocations=7 (full 0):
 PSYoungGen      total 17984K, used 128K [0x00000000ec200000, 0x00000000ed800000, 0x0000000100000000)
  eden space 14336K, 0% used [0x00000000ec200000,0x00000000ec200000,0x00000000ed000000)
  from space 3648K, 3% used [0x00000000ed050000,0x00000000ed070000,0x00000000ed3e0000)
  to   space 4096K, 0% used [0x00000000ed400000,0x00000000ed400000,0x00000000ed800000)
 ParOldGen       total 40704K, used 3905K [0x00000000c4600000, 0x00000000c6dc0000, 0x00000000ec200000)
  object space 40704K, 9% used [0x00000000c4600000,0x00000000c49d0790,0x00000000c6dc0000)
 PSPermGen       total 21248K, used 16244K [0x00000000bf400000, 0x00000000c08c0000, 0x00000000c4600000)
  object space 21248K, 76% used [0x00000000bf400000,0x00000000c03dd380,0x00000000c08c0000)
}
Event: 61,163 GC heap before
{Heap before GC invocations=8 (full 0):
 PSYoungGen      total 17984K, used 14464K [0x00000000ec200000, 0x00000000ed800000, 0x0000000100000000)
  eden space 14336K, 100% used [0x00000000ec200000,0x00000000ed000000,0x00000000ed000000)
  from space 3648K, 3% used [0x00000000ed050000,0x00000000ed070000,0x00000000ed3e0000)
  to   space 4096K, 0% used [0x00000000ed400000,0x00000000ed400000,0x00000000ed800000)
 ParOldGen       total 40704K, used 3905K [0x00000000c4600000, 0x00000000c6dc0000, 0x00000000ec200000)
  object space 40704K, 9% used [0x00000000c4600000,0x00000000c49d0790,0x00000000c6dc0000)
 PSPermGen       total 21248K, used 16246K [0x00000000bf400000, 0x00000000c08c0000, 0x00000000c4600000)
  object space 21248K, 76% used [0x00000000bf400000,0x00000000c03dda20,0x00000000c08c0000)
Event: 61,165 GC heap after
Heap after GC invocations=8 (full 0):
 PSYoungGen      total 18112K, used 96K [0x00000000ec200000, 0x00000000ed810000, 0x0000000100000000)
  eden space 14016K, 0% used [0x00000000ec200000,0x00000000ec200000,0x00000000ecfb0000)
  from space 4096K, 2% used [0x00000000ed400000,0x00000000ed418000,0x00000000ed800000)
  to   space 4288K, 0% used [0x00000000ecfb0000,0x00000000ecfb0000,0x00000000ed3e0000)
 ParOldGen       total 40704K, used 3945K [0x00000000c4600000, 0x00000000c6dc0000, 0x00000000ec200000)
  object space 40704K, 9% used [0x00000000c4600000,0x00000000c49da790,0x00000000c6dc0000)
 PSPermGen       total 21248K, used 16246K [0x00000000bf400000, 0x00000000c08c0000, 0x00000000c4600000)
  object space 21248K, 76% used [0x00000000bf400000,0x00000000c03dda20,0x00000000c08c0000)
}

